\BOOKMARK [1][-]{Doc-Start}{\376\377\000S\000e\000z\000n\000a\000m\000\040\000p\000o\000u\001\176\000i\000t\000\375\000c\000h\000\040\000z\000k\000r\000a\000t\000e\000k\000\040\000a\000\040\000s\000y\000m\000b\000o\000l\001\157}{}% 1
\BOOKMARK [1][-]{Doc-Start}{\376\377\000S\000e\000z\000n\000a\000m\000\040\000o\000b\000r\000\341\000z\000k\001\157}{}% 2
\BOOKMARK [1][-]{Doc-Start}{Seznam\040tabulek}{}% 3
\BOOKMARK [1][-]{section.1}{\332vod}{}% 4
\BOOKMARK [2][-]{subsection.1.1}{\376\377\000C\000\355\000l\000e\000\040\000b\000a\000k\000a\000l\000\341\001\131\000s\000k\000\351\000\040\000p\000r\000\341\000c\000e}{section.1}% 5
\BOOKMARK [2][-]{subsection.1.2}{\376\377\000S\000t\000r\000u\001\015\000n\000\375\000\040\000o\000b\000s\000a\000h\000\040\000j\000e\000d\000n\000o\000t\000l\000i\000v\000\375\000c\000h\000\040\000k\000a\000p\000i\000t\000o\000l}{section.1}% 6
\BOOKMARK [1][-]{section.2}{Technologie}{}% 7
\BOOKMARK [2][-]{subsection.2.1}{RESTful\040webove\040slu\236by}{section.2}% 8
\BOOKMARK [2][-]{subsection.2.2}{AngularJs}{section.2}% 9
\BOOKMARK [2][-]{subsection.2.3}{Dal\235\355\040technologie}{section.2}% 10
\BOOKMARK [1][-]{section.3}{Typy\040testov\341n\355}{}% 11
\BOOKMARK [2][-]{subsection.3.1}{Smysl\040testov\341n\355\040software}{section.3}% 12
\BOOKMARK [2][-]{subsection.3.2}{\376\377\000M\000a\000n\000u\000\341\000l\000n\000\355\000\040\000o\000p\000r\000o\000t\000i\000\040\000a\000u\000t\000o\000m\000a\000t\000i\000c\000k\000\375\000m\000\040\000t\000e\000s\000t\001\157\000m}{section.3}% 13
\BOOKMARK [2][-]{subsection.3.3}{Test-driven\040development}{section.3}% 14
\BOOKMARK [2][-]{subsection.3.4}{\376\377\000\332\000r\000o\000v\000n\001\033\000\040\000t\000e\000s\000t\001\157}{section.3}% 15
\BOOKMARK [2][-]{subsection.3.5}{Testovac\355\040technologie}{section.3}% 16
\BOOKMARK [1][-]{section.4}{Obsah\040a\040funkcionalita\040aplikace}{}% 17
\BOOKMARK [2][-]{subsection.4.1}{zkr\341cen\341\040pravidla}{section.4}% 18
\BOOKMARK [2][-]{subsection.4.2}{\376\377\000O\000b\000s\000a\000h\000\040\000a\000\040\000i\000m\000p\000l\000e\000m\000e\000n\000t\000a\000c\000e\000\040\000s\000t\000r\000\341\000n\000k\000y\000\040\000n\000a\000\040\000v\000y\000t\000v\000\341\001\131\000e\000n\000i\000\040\000h\000r\000y}{section.4}% 19
\BOOKMARK [2][-]{subsection.4.3}{Obsah\040a\040implementace\040str\341nky\040s\040hrou}{section.4}% 20
\BOOKMARK [2][-]{subsection.4.4}{Obsah\040a\040implementace\040str\341nky\040s\040administraci}{section.4}% 21
\BOOKMARK [1][-]{section.5}{Anal\375za\040pou\236it\375ch\040technologii}{}% 22
\BOOKMARK [2][-]{subsection.5.1}{Spring\040z\341klad\040aplikace}{section.5}% 23
\BOOKMARK [2][-]{subsection.5.2}{pom\040Maven}{section.5}% 24
\BOOKMARK [2][-]{subsection.5.3}{Node.js}{section.5}% 25
\BOOKMARK [2][-]{subsection.5.4}{Schema\040DB}{section.5}% 26
\BOOKMARK [2][-]{subsection.5.5}{Spring\040sec,\040Bcrypt}{section.5}% 27
\BOOKMARK [2][-]{subsection.5.6}{N\341vrh\040aplikace\040Angular\040/\040Spring}{section.5}% 28
\BOOKMARK [2][-]{subsection.5.7}{Aspecty}{section.5}% 29
\BOOKMARK [2][-]{subsection.5.8}{Websockets}{section.5}% 30
\BOOKMARK [1][-]{section.6}{Anal\375za\040a\040implementace\040testu}{}% 31
\BOOKMARK [2][-]{subsection.6.1}{Jasmine}{section.6}% 32
\BOOKMARK [2][-]{subsection.6.2}{Protractor}{section.6}% 33
\BOOKMARK [2][-]{subsection.6.3}{Jersey}{section.6}% 34
\BOOKMARK [1][-]{section.7}{\376\377\000Z\000\341\000v\001\033\000r}{}% 35
\BOOKMARK [2][-]{subsection.7.1}{\376\377\000N\000e\000j\000v\001\033\000t\001\141\000\355\000\040\000k\000o\000m\000p\000l\000i\000k\000a\000c\000e\000\040\000p\001\131\000i\000\040\000v\000\375\000v\000o\000j\000i}{section.7}% 36
\BOOKMARK [2][-]{subsection.7.2}{Jak\040by\040se\040dala\040aplikace\040vylep\235it}{section.7}% 37
\BOOKMARK [1][-]{subsection.7.2}{Literatura}{}% 38
\BOOKMARK [1][-]{subsection.7.2}{\376\377\000P\001\131\000\355\000l\000o\000h\000y}{}% 39
\BOOKMARK [1][-]{appendix.A}{Instalace\040aplikace}{}% 40
